<?xml version="1.0" encoding="UTF-8"?>
<testExecutions version="1">
    <file path="/data/home/ubuntu/Desktop/eodindia1-351975-react/src/packages/blocks/termsconditions/__tests__/step-definitions/TermsConditionsEdit.web.steps.tsx">
        <testCase name="TermsConditionsEdit User navigates to TermsConditions" duration="551"/>
    </file>
    <file path="/data/home/ubuntu/Desktop/eodindia1-351975-react/src/packages/blocks/termsconditions/__tests__/step-definitions/TermsConditions.web.steps.tsx">
        <testCase name="TermsConditions User navigates to TermsConditions" duration="172"/>
    </file>
    <file path="/data/home/ubuntu/Desktop/eodindia1-351975-react/src/packages/blocks/termsconditions/__tests__/step-definitions/TermsConditions.steps.tsx">
        <testCase name="TermsConditions User navigates to TermsConditions" duration="390"/>
    </file>
    <file path="/data/home/ubuntu/Desktop/eodindia1-351975-react/src/packages/blocks/termsconditions/__tests__/step-definitions/TermsConditionsDetail.web.steps.tsx">
        <testCase name="TermsConditionsDetail User navigates to TermsConditions" duration="277"/>
    </file>
    <file path="/data/home/ubuntu/Desktop/eodindia1-351975-react/src/packages/blocks/termsconditions/__tests__/step-definitions/TermsConditionsUsers.steps.tsx">
        <testCase name="TermsConditionsUsers User navigates to TermsConditions" duration="228"/>
    </file>
    <file path="/data/home/ubuntu/Desktop/eodindia1-351975-react/src/packages/blocks/termsconditions/__tests__/step-definitions/TermsConditionsEdit.steps.tsx">
        <testCase name="TermsConditionsEdit User navigates to TermsConditions" duration="305"/>
    </file>
    <file path="/data/home/ubuntu/Desktop/eodindia1-351975-react/src/packages/blocks/termsconditions/__tests__/step-definitions/TermsConditionsDetail.steps.tsx">
        <testCase name="TermsConditionsDetail User navigates to TermsConditions" duration="238"/>
    </file>
    <file path="/data/home/ubuntu/Desktop/eodindia1-351975-react/src/packages/blocks/termsconditions/__tests__/step-definitions/TermsAndConditions.web.steps.tsx">
        <testCase name="TermsAndConditions User navigates to TermsAndConditions" duration="43"/>
    </file>
</testExecutions>