<?xml version="1.0" encoding="UTF-8"?>
<testExecutions version="1">
    <file path="/data/home/ubuntu/Desktop/eodindia1-351975-react/src/packages/blocks/contentmanagement/__tests__/step-definitions/ContentManagement.web.test.tsx">
        <testCase name="ContentManagement User navigates to ContentManagement" duration="235"/>
        <testCase name="ContentManagement Handle API errors" duration="17"/>
    </file>
    <file path="/data/home/ubuntu/Desktop/eodindia1-351975-react/src/packages/blocks/contentmanagement/__tests__/step-definitions/ContentManagement.steps.tsx">
        <testCase name="ContentManagement User navigates to ContentManagement" duration="1092"/>
        <testCase name="ContentManagement Handle API errors" duration="249"/>
    </file>
    <file path="/data/home/ubuntu/Desktop/eodindia1-351975-react/src/packages/blocks/contentmanagement/__tests__/step-definitions/AboutUs.web.steps.tsx">
        <testCase name="AboutUs User navigates to  AboutUs" duration="93"/>
    </file>
</testExecutions>